<?xml version="1.0" encoding="UTF-8"?>
<!-- Generated by org.testng.reporters.JUnitReportReporter -->
<testsuite hostname="DESKTOP-1R35F3T" failures="0" tests="1" name="Basics.IntroductionTestNG" time="0.029" errors="0" timestamp="2022-12-23T15:16:59 IST" skipped="0">
  <testcase classname="Basics.IntroductionTestNG" name="tp" time="0.029"/>
  <system-out/>
</testsuite> <!-- Basics.IntroductionTestNG -->
