<?xml version="1.0" encoding="UTF-8"?>
<!-- Generated by org.testng.reporters.JUnitReportReporter -->
<testsuite hostname="DESKTOP-1R35F3T" failures="0" tests="2" name="GroupingInTestNG.TestClass1" time="0.006" errors="0" timestamp="2022-12-31T16:19:59 IST" skipped="0">
  <testcase classname="GroupingInTestNG.TestClass1" name="Test3" time="0.004"/>
  <system-out/>
  <testcase classname="GroupingInTestNG.TestClass1" name="Test2" time="0.002"/>
  <system-out/>
</testsuite> <!-- GroupingInTestNG.TestClass1 -->
