<?xml version="1.0" encoding="UTF-8"?>
<!-- Generated by org.testng.reporters.JUnitReportReporter -->
<testsuite hostname="DESKTOP-1R35F3T" failures="0" tests="2" name="GroupingInTestNG.TestClass3" time="0.018" errors="0" timestamp="2022-12-31T16:19:59 IST" skipped="0">
  <testcase classname="GroupingInTestNG.TestClass3" name="Test9" time="0.004"/>
  <system-out/>
  <testcase classname="GroupingInTestNG.TestClass3" name="Test8" time="0.014"/>
  <system-out/>
</testsuite> <!-- GroupingInTestNG.TestClass3 -->
