<?xml version="1.0" encoding="UTF-8"?>
<!-- Generated by org.testng.reporters.JUnitReportReporter -->
<testsuite hostname="DESKTOP-1R35F3T" failures="0" tests="3" name="TestNgBasics.TestClass4" time="0.007" errors="0" timestamp="2022-12-29T11:13:55 IST" skipped="0">
  <testcase classname="TestNgBasics.TestClass4" name="m4" time="0.003"/>
  <system-out/>
  <testcase classname="TestNgBasics.TestClass4" name="m5" time="0.002"/>
  <system-out/>
  <testcase classname="TestNgBasics.TestClass4" name="m6" time="0.002"/>
  <system-out/>
</testsuite> <!-- TestNgBasics.TestClass4 -->
