<?xml version="1.0" encoding="UTF-8"?>
<!-- Generated by org.testng.reporters.JUnitReportReporter -->
<testsuite hostname="DESKTOP-1R35F3T" failures="0" tests="3" name="TestNgBasics.TestClass1" time="0.031" errors="0" timestamp="2022-12-29T11:16:45 IST" skipped="0">
  <testcase classname="TestNgBasics.TestClass1" name="HomeElement" time="0.024"/>
  <system-out>
    <![CDATA[Checking the HomePage Url]]>
  </system-out>
  <testcase classname="TestNgBasics.TestClass1" name="ProfileCheck" time="0.004"/>
  <system-out>
    <![CDATA[Checking the ProfilePage Url]]>
  </system-out>
  <testcase classname="TestNgBasics.TestClass1" name="NotificationCheck" time="0.003"/>
  <system-out>
    <![CDATA[Checking the NotificationPage Url]]>
  </system-out>
</testsuite> <!-- TestNgBasics.TestClass1 -->
