<?xml version="1.0" encoding="UTF-8"?>
<!-- Generated by org.testng.reporters.JUnitReportReporter -->
<testsuite hostname="DESKTOP-1R35F3T" failures="0" tests="5" name="TestNgBasics.EnvocationCountThreadPullSize" time="71.621" errors="0" timestamp="2022-12-31T19:06:43 IST" skipped="0">
  <testcase classname="TestNgBasics.EnvocationCountThreadPullSize" name="LaunchBrowser" time="14.440"/>
  <system-out/>
  <testcase classname="TestNgBasics.EnvocationCountThreadPullSize" name="LaunchBrowser" time="14.303"/>
  <system-out/>
  <testcase classname="TestNgBasics.EnvocationCountThreadPullSize" name="LaunchBrowser" time="14.241"/>
  <system-out/>
  <testcase classname="TestNgBasics.EnvocationCountThreadPullSize" name="LaunchBrowser" time="14.166"/>
  <system-out/>
  <testcase classname="TestNgBasics.EnvocationCountThreadPullSize" name="LaunchBrowser" time="14.471"/>
  <system-out/>
</testsuite> <!-- TestNgBasics.EnvocationCountThreadPullSize -->
