<?xml version="1.0" encoding="UTF-8"?>
<!-- Generated by org.testng.reporters.JUnitReportReporter -->
<testsuite hostname="DESKTOP-1R35F3T" failures="0" tests="1" name="TestNgBasics.IntroductionTestNG" time="0.018" errors="0" timestamp="2022-12-29T11:13:55 IST" skipped="0">
  <testcase classname="TestNgBasics.IntroductionTestNG" name="tp" time="0.018"/>
  <system-out/>
</testsuite> <!-- TestNgBasics.IntroductionTestNG -->
