<?xml version="1.0" encoding="UTF-8"?>
<!-- Generated by org.testng.reporters.JUnitReportReporter -->
<testsuite hostname="DESKTOP-1R35F3T" failures="0" tests="3" name="TestNgBasics.TestClass3" time="0.007" errors="0" timestamp="2022-12-29T11:13:55 IST" skipped="0">
  <testcase classname="TestNgBasics.TestClass3" name="m1" time="0.002"/>
  <system-out/>
  <testcase classname="TestNgBasics.TestClass3" name="m2" time="0.003"/>
  <system-out/>
  <testcase classname="TestNgBasics.TestClass3" name="m3" time="0.002"/>
  <system-out/>
</testsuite> <!-- TestNgBasics.TestClass3 -->
