<?xml version="1.0" encoding="UTF-8"?>
<!-- Generated by org.testng.reporters.JUnitReportReporter -->
<testsuite hostname="DESKTOP-1R35F3T" failures="0" tests="3" name="TestNgBasics.TestClass2" time="0.026" errors="0" timestamp="2022-12-29T11:21:15 IST" skipped="0">
  <testcase classname="TestNgBasics.TestClass2" name="ProfileCheck" time="0.019"/>
  <system-out/>
  <testcase classname="TestNgBasics.TestClass2" name="HomeElement" time="0.003"/>
  <system-out/>
  <testcase classname="TestNgBasics.TestClass2" name="NotificationCheck" time="0.004"/>
  <system-out/>
</testsuite> <!-- TestNgBasics.TestClass2 -->
